Info 0    [16:31:00.141] Starting TS Server
Info 1    [16:31:00.151] Version: 5.9.3
Info 2    [16:31:00.151] Arguments: /Users/andrewmilich/Library/Caches/JetBrains/Air/downloaded_artifacts/typescript-language-server-5.1.1.tar.zst_233d09d113ce43142b1d9ad70a347698/node/bin/node /Users/andrewmilich/Documents/GitHub/isometric-city/node_modules/typescript/lib/tsserver.js --useInferredProjectPerProjectRoot --cancellationPipeName /private/var/folders/w4/c3qwqf6n5752x80tlxjmkc040000gn/T/5c60011070b75f0e7b25e4bf9c109d13/tscancellation* --logVerbosity verbose --logFile /Users/andrewmilich/Documents/GitHub/isometric-city/.log/tsserver-log-re1ukr/tsserver.log --locale en --validateDefaultNpmLocation --useNodeIpc
Info 3    [16:31:00.152] Platform: darwin NodeVersion: v22.17.1 CaseSensitive: false
Info 4    [16:31:00.152] ServerMode: undefined hasUnknownServerMode: undefined
Info 5    [16:31:00.154] currentDirectory:: /Users/andrewmilich/Documents/GitHub/isometric-city useCaseSensitiveFileNames:: false
Info 6    [16:31:00.155] libs Location:: /Users/andrewmilich/Documents/GitHub/isometric-city/node_modules/typescript/lib
Info 7    [16:31:00.160] globalTypingsCacheLocation:: /Users/andrewmilich/Library/Caches/typescript/5.9
Info 8    [16:31:00.165] Binding...
Info 9    [16:31:00.170] request:
    {
      "seq": 0,
      "type": "request",
      "command": "configure",
      "arguments": {
        "hostInfo": "JetBrains Air",
        "formatOptions": {
          "newLineCharacter": "\n"
        },
        "preferences": {
          "allowIncompleteCompletions": true,
          "allowRenameOfImportPath": true,
          "allowTextChangesInNewFiles": true,
          "autoImportSpecifierExcludeRegexes": [],
          "disableLineTextInReferences": true,
          "disableSuggestions": false,
          "displayPartsForJSDoc": true,
          "excludeLibrarySymbolsInNavTo": true,
          "generateReturnInDocTemplate": true,
          "importModuleSpecifierEnding": "auto",
          "importModuleSpecifierPreference": "relative",
          "includeAutomaticOptionalChainCompletions": true,
          "includeCompletionsForImportStatements": true,
          "includeCompletionsForModuleExports": true,
          "includeCompletionsWithClassMemberSnippets": true,
          "includeCompletionsWithInsertText": true,
          "includeCompletionsWithObjectLiteralMethodSnippets": true,
          "includeCompletionsWithSnippetText": true,
          "includeInlayEnumMemberValueHints": true,
          "includeInlayFunctionLikeReturnTypeHints": true,
          "includeInlayFunctionParameterTypeHints": true,
          "includeInlayParameterNameHints": "all",
          "includeInlayParameterNameHintsWhenArgumentMatchesName": false,
          "includeInlayPropertyDeclarationTypeHints": true,
          "includeInlayVariableTypeHints": false,
          "includeInlayVariableTypeHintsWhenTypeMatchesName": true,
          "includePackageJsonAutoImports": "on",
          "interactiveInlayHints": true,
          "jsxAttributeCompletionStyle": "auto",
          "lazyConfiguredProjectsFromExternalProject": false,
          "maximumHoverLength": 500,
          "organizeImportsAccentCollation": true,
          "organizeImportsCaseFirst": false,
          "organizeImportsCollation": "ordinal",
          "organizeImportsLocale": "en",
          "organizeImportsIgnoreCase": "auto",
          "organizeImportsNumericCollation": false,
          "organizeImportsTypeOrder": "last",
          "preferTypeOnlyAutoImports": false,
          "providePrefixAndSuffixTextForRename": true,
          "provideRefactorNotApplicableReason": true,
          "quotePreference": "auto",
          "useLabelDetailsInCompletionEntries": true
        }
      }
    }
Info 10   [16:31:00.172] Host information JetBrains Air
Info 11   [16:31:00.176] Format host information updated
Info 12   [16:31:00.176] response:
    {"seq":0,"type":"response","command":"configure","request_seq":0,"success":true}
Perf 13   [16:31:00.176] 0::configure: async elapsed time (in milliseconds) 5.7219
Info 14   [16:31:00.176] request:
    {
      "seq": 1,
      "type": "request",
      "command": "compilerOptionsForInferredProjects",
      "arguments": {
        "options": {
          "module": "esnext",
          "moduleResolution": "bundler",
          "target": "es2020",
          "jsx": "react-jsx",
          "allowImportingTsExtensions": true,
          "strictNullChecks": true,
          "strictFunctionTypes": true,
          "sourceMap": true,
          "allowJs": true,
          "allowNonTsExtensions": true,
          "allowSyntheticDefaultImports": true,
          "resolveJsonModule": true
        }
      }
    }
Perf 15   [16:31:00.180] 1::compilerOptionsForInferredProjects: elapsed time (in milliseconds) 3.6360
Info 16   [16:31:00.180] response:
    {"seq":0,"type":"response","command":"compilerOptionsForInferredProjects","request_seq":1,"success":true,"body":true}
Info 17   [16:31:00.180] event:
    {"seq":0,"type":"event","event":"typingsInstallerPid","body":{"pid":28241}}
